<?xml version="1.0" encoding="UTF-8"?>
<!-- Generated by org.testng.reporters.JUnitReportReporter -->
<testsuite hostname="LAPTOP-PCCUKN8F" failures="0" tests="1" name="challanges.ResponsiveApp" time="5.976" errors="0" timestamp="2024-01-05T10:05:18 CST" skipped="0">
  <testcase classname="challanges.ResponsiveApp" name="validateRes" time="5.976"/>
  <system-out/>
</testsuite> <!-- challanges.ResponsiveApp -->
