<?xml version="1.0" encoding="UTF-8"?>
<!-- Generated by org.testng.reporters.JUnitReportReporter -->
<testsuite hostname="LAPTOP-PCCUKN8F" failures="0" tests="3" name="com.Testng.Test.TestNgTestClass1" time="0.013" errors="0" timestamp="2023-06-01T16:59:01 CDT" skipped="0">
  <testcase classname="com.Testng.Test.TestNgTestClass1" name="testMethod3" time="0.008"/>
  <system-out/>
  <testcase classname="com.Testng.Test.TestNgTestClass1" name="testMethod1" time="0.002"/>
  <system-out/>
  <testcase classname="com.Testng.Test.TestNgTestClass1" name="testMethod2" time="0.003"/>
  <system-out/>
</testsuite> <!-- com.Testng.Test.TestNgTestClass1 -->
