<?xml version="1.0" encoding="UTF-8"?>
<!-- Generated by org.testng.reporters.JUnitReportReporter -->
<testsuite hostname="LAPTOP-PCCUKN8F" failures="0" tests="1" name="com.Testng.Test.TestNgTestClassThree" time="0.007" errors="0" timestamp="2024-03-18T22:54:06 CDT" skipped="0">
  <testcase classname="com.Testng.Test.TestNgTestClassThree" name="testScript_1" time="0.007"/>
  <system-out/>
</testsuite> <!-- com.Testng.Test.TestNgTestClassThree -->
