<?xml version="1.0" encoding="UTF-8"?>
<!-- Generated by org.testng.reporters.JUnitReportReporter -->
<testsuite hostname="LAPTOP-PCCUKN8F" failures="0" tests="2" name="com.Testng.Test.TestNgTestClassTwo" time="0.002" errors="0" timestamp="2024-03-18T22:54:06 CDT" skipped="0">
  <testcase classname="com.Testng.Test.TestNgTestClassTwo" name="testscript_2" time="0.001"/>
  <system-out/>
  <testcase classname="com.Testng.Test.TestNgTestClassTwo" name="testscript_1" time="0.001"/>
  <system-out/>
</testsuite> <!-- com.Testng.Test.TestNgTestClassTwo -->
